<?xml version="1.0" encoding="UTF-8"?>
<testsuite name="com.moon.book.springboot.web.dto.HelloResponseDtoTest" tests="1" skipped="0" failures="0" errors="0" timestamp="2022-08-22T11:18:16" hostname="DESKTOP-CC89SI6" time="0.103">
  <properties/>
  <testcase name="롬복_기능_테스트" classname="com.moon.book.springboot.web.dto.HelloResponseDtoTest" time="0.103"/>
  <system-out><![CDATA[]]></system-out>
  <system-err><![CDATA[]]></system-err>
</testsuite>
